app/build/intermediates/manifest_merge_blame_file/debug/manifest-merger-blame-debug-report.txt
1<?xml version="1.0" encoding="utf-8"?>
2<manifest xmlns:android="http://schemas.android.com/apk/res/android"
3    package="com.example.database"
4    android:versionCode="1"
5    android:versionName="1.0" >
6
7    <uses-sdk
8        android:minSdkVersion="16"
8-->src\main\AndroidManifest.xml
9        android:targetSdkVersion="30" />
9-->src\main\AndroidManifest.xml
10
11    <uses-permission android:name="android.permission.WRITE_EXTERNAL_STORAGE" />
11-->src\main\AndroidManifest.xml:33:5-80
11-->src\main\AndroidManifest.xml:33:22-78
12    <uses-permission android:name="android.permission.READ_EXTERNAL_STORAGE" />
12-->src\main\AndroidManifest.xml:34:5-79
12-->src\main\AndroidManifest.xml:34:22-77
13
14    <application
14-->src\main\AndroidManifest.xml:5:5-31:19
15        android:allowBackup="true"
15-->src\main\AndroidManifest.xml:6:9-35
16        android:appComponentFactory="androidx.core.app.CoreComponentFactory"
16-->[androidx.core:core:1.3.1] AndroidManifest.xml:24:18-86
17        android:debuggable="true"
18        android:icon="@mipmap/ic_launcher"
18-->src\main\AndroidManifest.xml:7:9-43
19        android:label="@string/app_name"
19-->src\main\AndroidManifest.xml:8:9-41
20        android:requestLegacyExternalStorage="true"
20-->src\main\AndroidManifest.xml:10:9-52
21        android:roundIcon="@mipmap/ic_launcher_round"
21-->src\main\AndroidManifest.xml:9:9-54
22        android:supportsRtl="true"
22-->src\main\AndroidManifest.xml:11:9-35
23        android:theme="@style/Theme.Design.NoActionBar" >
23-->src\main\AndroidManifest.xml:12:9-56
24        <activity android:name="com.example.myapplication.MySplashScreen" >
24-->src\main\AndroidManifest.xml:13:9-15:20
24-->src\main\AndroidManifest.xml:13:19-49
25        </activity>
26        <activity android:name="com.example.myapplication.PantallaDerrota" />
26-->src\main\AndroidManifest.xml:16:9-53
26-->src\main\AndroidManifest.xml:16:19-50
27        <activity android:name="com.example.myapplication.GameEndedActivity" />
27-->src\main\AndroidManifest.xml:17:9-55
27-->src\main\AndroidManifest.xml:17:19-52
28        <activity android:name="com.example.myapplication.MenuPausa" />
28-->src\main\AndroidManifest.xml:18:9-47
28-->src\main\AndroidManifest.xml:18:19-44
29        <activity android:name="com.example.myapplication.MainJuego" />
29-->src\main\AndroidManifest.xml:19:9-57
29-->src\main\AndroidManifest.xml:19:19-44
30        <activity android:name="com.example.myapplication.TutoActivity" />
30-->src\main\AndroidManifest.xml:20:9-49
30-->src\main\AndroidManifest.xml:20:19-47
31        <activity android:name="com.example.myapplication.OpcionesAct" />
31-->src\main\AndroidManifest.xml:21:9-49
31-->src\main\AndroidManifest.xml:21:19-46
32        <activity
32-->src\main\AndroidManifest.xml:22:9-27:20
33            android:name="com.example.myapplication.MainActivity"
33-->src\main\AndroidManifest.xml:22:19-47
34            android:theme="@style/SplashTheme" >
34-->src\main\AndroidManifest.xml:22:48-82
35            <intent-filter>
35-->src\main\AndroidManifest.xml:23:13-26:29
36                <action android:name="android.intent.action.MAIN" />
36-->src\main\AndroidManifest.xml:24:17-69
36-->src\main\AndroidManifest.xml:24:25-66
37
38                <category android:name="android.intent.category.LAUNCHER" />
38-->src\main\AndroidManifest.xml:25:17-77
38-->src\main\AndroidManifest.xml:25:27-74
39            </intent-filter>
40        </activity>
41
42        <service
42-->src\main\AndroidManifest.xml:28:9-82
43            android:name="com.example.myapplication.ServicioMusica"
43-->src\main\AndroidManifest.xml:28:18-48
44            android:enabled="true" />
44-->src\main\AndroidManifest.xml:28:49-71
45    </application>
46
47</manifest>